<?xml version="1.0" encoding="UTF-8"?>
<!-- Generated by org.testng.reporters.JUnitReportReporter -->
<testsuite hostname="LAPTOP-RR6PLBFO" failures="0" tests="1" name="orangehrm_automation.orangehrm_automation.OrangeHRMTest" time="26.238" errors="0" timestamp="2025-04-14T06:06:32 IST" skipped="0">
  <testcase classname="orangehrm_automation.orangehrm_automation.OrangeHRMTest" name="testEmployeeFlow" time="26.238"/>
</testsuite> <!-- orangehrm_automation.orangehrm_automation.OrangeHRMTest -->
